<?xml version="1.0" encoding="utf-8"?><testsuites name="pytest tests"><testsuite name="pytest" errors="0" failures="0" skipped="0" tests="0" time="0.072" timestamp="2025-10-15T17:54:40.582754-03:00" hostname="LAPTOP-EMBBF627" /></testsuites>